[debug] [2020-03-01T18:56:55.323Z] ----------------------------------------------------------------------
[debug] [2020-03-01T18:56:55.324Z] Command:       /usr/bin/node /usr/bin/firebase serve
[debug] [2020-03-01T18:56:55.325Z] CLI Version:   7.14.0
[debug] [2020-03-01T18:56:55.325Z] Platform:      linux
[debug] [2020-03-01T18:56:55.325Z] Node Version:  v10.16.2
[debug] [2020-03-01T18:56:55.325Z] Time:          Mon Mar 02 2020 00:26:55 GMT+0530 (India Standard Time)
[debug] [2020-03-01T18:56:55.325Z] ----------------------------------------------------------------------
[debug] [2020-03-01T18:56:55.325Z] 
[debug] [2020-03-01T18:56:55.333Z] > command requires scopes: ["email","openid","https://www.googleapis.com/auth/cloudplatformprojects.readonly","https://www.googleapis.com/auth/firebase","https://www.googleapis.com/auth/cloud-platform"]
[debug] [2020-03-01T18:56:55.334Z] > authorizing via signed-in user
[debug] [2020-03-01T18:56:55.334Z] [iam] checking project omofonia-e5dac for permissions ["firebase.projects.get"]
[debug] [2020-03-01T18:56:55.335Z] >>> HTTP REQUEST POST https://cloudresourcemanager.googleapis.com/v1/projects/omofonia-e5dac:testIamPermissions  

[debug] [2020-03-01T18:56:55.473Z] [iam] error while checking permissions, command may fail: FirebaseError: Server Error. self signed certificate in certificate chain
[debug] [2020-03-01T18:56:55.477Z] >>> HTTP REQUEST GET https://firebase.googleapis.com/v1beta1/projects/omofonia-e5dac  
 
[debug] [2020-03-01T18:56:57.350Z] Error: self signed certificate in certificate chain
    at TLSSocket.onConnectSecure (_tls_wrap.js:1058:34)
    at TLSSocket.emit (events.js:198:13)
    at TLSSocket.EventEmitter.emit (domain.js:448:20)
    at TLSSocket._finishInit (_tls_wrap.js:636:8)
[error] 
[error] Error: Server Error. self signed certificate in certificate chain
[debug] [2020-03-01T18:57:04.430Z] ----------------------------------------------------------------------
[debug] [2020-03-01T18:57:04.431Z] Command:       /usr/bin/node /usr/bin/firebase serve
[debug] [2020-03-01T18:57:04.432Z] CLI Version:   7.14.0
[debug] [2020-03-01T18:57:04.432Z] Platform:      linux
[debug] [2020-03-01T18:57:04.432Z] Node Version:  v10.16.2
[debug] [2020-03-01T18:57:04.432Z] Time:          Mon Mar 02 2020 00:27:04 GMT+0530 (India Standard Time)
[debug] [2020-03-01T18:57:04.432Z] ----------------------------------------------------------------------
[debug] [2020-03-01T18:57:04.432Z] 
[debug] [2020-03-01T18:57:04.439Z] > command requires scopes: ["email","openid","https://www.googleapis.com/auth/cloudplatformprojects.readonly","https://www.googleapis.com/auth/firebase","https://www.googleapis.com/auth/cloud-platform"]
[debug] [2020-03-01T18:57:04.439Z] > authorizing via signed-in user
[debug] [2020-03-01T18:57:04.439Z] [iam] checking project omofonia-e5dac for permissions ["firebase.projects.get"]
[debug] [2020-03-01T18:57:04.441Z] >>> HTTP REQUEST POST https://cloudresourcemanager.googleapis.com/v1/projects/omofonia-e5dac:testIamPermissions  

[debug] [2020-03-01T18:57:04.475Z] [iam] error while checking permissions, command may fail: FirebaseError: Server Error. self signed certificate in certificate chain
[debug] [2020-03-01T18:57:04.476Z] >>> HTTP REQUEST GET https://firebase.googleapis.com/v1beta1/projects/omofonia-e5dac  
 
[debug] [2020-03-01T18:57:04.483Z] Error: self signed certificate in certificate chain
    at TLSSocket.onConnectSecure (_tls_wrap.js:1058:34)
    at TLSSocket.emit (events.js:198:13)
    at TLSSocket.EventEmitter.emit (domain.js:448:20)
    at TLSSocket._finishInit (_tls_wrap.js:636:8)
[error] 
[error] Error: Server Error. self signed certificate in certificate chain
